<?xml version="1.0" encoding="UTF-8"?>
<testng-results ignored="0" total="1" passed="1" failed="0" skipped="0">
  <reporter-output>
  </reporter-output>
  <suite started-at="2022-06-03T00:22:13 IST" name="Default suite" finished-at="2022-06-03T00:22:22 IST" duration-ms="8589">
    <groups>
    </groups>
    <test started-at="2022-06-03T00:22:13 IST" name="Default test" finished-at="2022-06-03T00:22:22 IST" duration-ms="8589">
      <class name="restAssured.Demo1_get">
        <test-method signature="getWeatherDetails()[pri:0, instance:restAssured.Demo1_get@16610890]" started-at="2022-06-03T00:22:13 IST" name="getWeatherDetails" finished-at="2022-06-03T00:22:22 IST" duration-ms="8498" status="PASS">
          <reporter-output>
          </reporter-output>
        </test-method> <!-- getWeatherDetails -->
      </class> <!-- restAssured.Demo1_get -->
    </test> <!-- Default test -->
  </suite> <!-- Default suite -->
</testng-results>
