<?xml version="1.0" encoding="UTF-8"?>
<!-- Generated by org.testng.reporters.JUnitXMLReporter -->
<testsuite ignored="2" hostname="DESKTOP-G82DJC0" failures="0" tests="1" name="Default test" time="9.447" errors="0" timestamp="2022-09-29T17:32:51 IST">
  <testcase classname="numedic.qa" name="verify_headingText" time="1.082"/>
  <testcase classname="numedic.BaseClass" name="setup" time="0.0">
    <ignored/>
  </testcase> <!-- setup -->
  <testcase classname="numedic.qa" name="verify_dropdown" time="0.0">
    <ignored/>
  </testcase> <!-- verify_dropdown -->
</testsuite> <!-- Default test -->
